2019-09-20 15:00:49,136  INFO [main] LogReport:37 - Starting wrong City Input validation
2019-09-20 15:01:14,182  INFO [main] LogReport:37 - Starting Redirection validation
2019-09-20 15:01:14,202  INFO [main] LogReport:37 - Redirection is on the correct page
2019-09-20 15:01:14,203  INFO [main] LogReport:37 - Starting the homepage testing
2019-09-20 15:01:14,338  INFO [main] LogReport:37 - Starting homepage flow
2019-09-20 15:01:31,936  INFO [main] LogReport:37 - Round button is working properly
2019-09-20 15:01:31,938  INFO [main] LogReport:37 - Starting homepage flow
2019-09-20 15:01:49,370  INFO [main] LogReport:37 - Round button is working properly
2019-09-20 15:01:49,372  INFO [main] LogReport:37 - Starting homepage flow
2019-09-20 15:02:06,856  INFO [main] LogReport:37 - Round button is working properly
2019-09-20 15:02:06,859  INFO [main] LogReport:37 - Validating the homepage data
2019-09-20 15:02:07,064  INFO [main] LogReport:37 - All the details of homepage are correct
2019-09-20 15:04:01,181  INFO [main] LogReport:37 - Waiting till the sorting button is visible
2019-09-20 15:04:01,376  INFO [main] LogReport:37 - Validating the redirection of the webpage
2019-09-20 15:04:01,397  INFO [main] LogReport:37 - Sorting the flights
2019-09-20 15:04:02,065  INFO [main] LogReport:37 - Validating the return date button is visible or not
2019-09-20 15:05:14,833  INFO [main] LogReport:37 - sorting flights
2019-09-20 15:05:18,179  INFO [main] LogReport:37 - selecting flights
2019-09-20 15:05:19,063  INFO [main] LogReport:37 - explicit Wait
2019-09-20 15:05:27,098  INFO [main] LogReport:37 - Validating the redirection of the web page
2019-09-20 15:05:27,121  INFO [main] LogReport:37 - Validating the Flight city name
2019-09-20 15:05:27,435  INFO [main] LogReport:37 - Validating the Duration of the flights
2019-09-20 15:05:27,562  INFO [main] LogReport:37 - Validating the timing of the flights
2019-09-20 15:05:27,710  INFO [main] LogReport:37 - Validating base fare
2019-09-20 15:05:27,769  INFO [main] LogReport:37 - Validating the Taxes
2019-09-20 15:05:27,822  INFO [main] LogReport:37 - Validating the Total fare
2019-09-20 15:05:27,882  INFO [main] LogReport:37 - Validating the input boxes functionality to give error messages
2019-09-20 15:05:44,060 DEBUG [main] cache:45 - Couldn't find template in cache for "Extent.ftl"("en_US", UTF-8, parsed); will try to load it.
2019-09-20 15:05:44,062 DEBUG [main] cache:45 - TemplateLoader.findTemplateSource("Extent_en_US.ftl"): Not found
2019-09-20 15:05:44,066 DEBUG [main] cache:45 - TemplateLoader.findTemplateSource("Extent_en.ftl"): Not found
2019-09-20 15:05:44,068 DEBUG [main] cache:45 - TemplateLoader.findTemplateSource("Extent.ftl"): Found
2019-09-20 15:05:44,070 DEBUG [main] cache:45 - Loading template for "Extent.ftl"("en_US", UTF-8, parsed) from "jar:file:/C:/Users/saurabh.chauhan/.m2/repository/com/relevantcodes/extentreports/2.41.2/extentreports-2.41.2.jar!/com/relevantcodes/extentreports/view/Extent.ftl"
2019-09-20 15:05:44,486 DEBUG [main] cache:45 - Couldn't find template in cache for "Extent.ftl"("en_US", UTF-8, parsed); will try to load it.
2019-09-20 15:05:44,489 DEBUG [main] cache:45 - TemplateLoader.findTemplateSource("Extent_en_US.ftl"): Not found
2019-09-20 15:05:44,494 DEBUG [main] cache:45 - TemplateLoader.findTemplateSource("Extent_en.ftl"): Not found
2019-09-20 15:05:44,495 DEBUG [main] cache:45 - TemplateLoader.findTemplateSource("Extent.ftl"): Found
2019-09-20 15:05:44,497 DEBUG [main] cache:45 - Loading template for "Extent.ftl"("en_US", UTF-8, parsed) from "jar:file:/C:/Users/saurabh.chauhan/.m2/repository/com/relevantcodes/extentreports/2.41.2/extentreports-2.41.2.jar!/com/relevantcodes/extentreports/view/Extent.ftl"
2019-09-20 15:15:35,309  INFO [main] LogReport:37 - Starting wrong City Input validation
2019-09-20 15:16:01,028  INFO [main] LogReport:37 - Starting Redirection validation
2019-09-20 15:16:01,057  INFO [main] LogReport:37 - Redirection is on the correct page
2019-09-20 15:16:01,058  INFO [main] LogReport:37 - Starting the homepage testing
2019-09-20 15:16:01,158  INFO [main] LogReport:37 - Starting homepage flow
2019-09-20 15:16:19,166  INFO [main] LogReport:37 - Round button is working properly
2019-09-20 15:16:19,169  INFO [main] LogReport:37 - Starting homepage flow
2019-09-20 15:16:38,755  INFO [main] LogReport:37 - Round button is working properly
2019-09-20 15:16:38,757  INFO [main] LogReport:37 - Starting homepage flow
2019-09-20 15:16:56,394  INFO [main] LogReport:37 - Round button is working properly
2019-09-20 15:16:56,397  INFO [main] LogReport:37 - Validating the homepage data
2019-09-20 15:16:58,797  INFO [main] LogReport:37 - All the details of homepage are correct
2019-09-20 15:18:33,620  INFO [main] LogReport:37 - Waiting till the sorting button is visible
2019-09-20 15:18:38,039  INFO [main] LogReport:37 - Validating the redirection of the webpage
2019-09-20 15:18:38,092  INFO [main] LogReport:37 - Sorting the flights
2019-09-20 15:18:39,411  INFO [main] LogReport:37 - Validating the return date button is visible or not
2019-09-20 15:20:05,799  INFO [main] LogReport:37 - sorting flights
2019-09-20 15:20:11,210  INFO [main] LogReport:37 - selecting flights
2019-09-20 15:20:12,591  INFO [main] LogReport:37 - explicit Wait
2019-09-20 15:20:20,007  INFO [main] LogReport:37 - Validating the redirection of the web page
2019-09-20 15:20:20,058  INFO [main] LogReport:37 - Validating the Flight city name
2019-09-20 15:20:20,393  INFO [main] LogReport:37 - Validating the Duration of the flights
2019-09-20 15:20:20,561  INFO [main] LogReport:37 - Validating the timing of the flights
2019-09-20 15:20:20,986  INFO [main] LogReport:37 - Validating base fare
2019-09-20 15:20:21,171  INFO [main] LogReport:37 - Validating the Taxes
2019-09-20 15:20:21,294  INFO [main] LogReport:37 - Validating the Total fare
2019-09-20 15:20:21,404  INFO [main] LogReport:37 - Validating the input boxes functionality to give error messages
2019-09-20 15:20:51,094 DEBUG [main] cache:45 - Couldn't find template in cache for "Extent.ftl"("en_US", UTF-8, parsed); will try to load it.
2019-09-20 15:20:51,097 DEBUG [main] cache:45 - TemplateLoader.findTemplateSource("Extent_en_US.ftl"): Not found
2019-09-20 15:20:51,100 DEBUG [main] cache:45 - TemplateLoader.findTemplateSource("Extent_en.ftl"): Not found
2019-09-20 15:20:51,102 DEBUG [main] cache:45 - TemplateLoader.findTemplateSource("Extent.ftl"): Found
2019-09-20 15:20:51,103 DEBUG [main] cache:45 - Loading template for "Extent.ftl"("en_US", UTF-8, parsed) from "jar:file:/C:/Users/saurabh.chauhan/.m2/repository/com/relevantcodes/extentreports/2.41.2/extentreports-2.41.2.jar!/com/relevantcodes/extentreports/view/Extent.ftl"
2019-09-20 15:20:51,751 DEBUG [main] cache:45 - Couldn't find template in cache for "Extent.ftl"("en_US", UTF-8, parsed); will try to load it.
2019-09-20 15:20:51,761 DEBUG [main] cache:45 - TemplateLoader.findTemplateSource("Extent_en_US.ftl"): Not found
2019-09-20 15:20:51,762 DEBUG [main] cache:45 - TemplateLoader.findTemplateSource("Extent_en.ftl"): Not found
2019-09-20 15:20:51,763 DEBUG [main] cache:45 - TemplateLoader.findTemplateSource("Extent.ftl"): Found
2019-09-20 15:20:51,764 DEBUG [main] cache:45 - Loading template for "Extent.ftl"("en_US", UTF-8, parsed) from "jar:file:/C:/Users/saurabh.chauhan/.m2/repository/com/relevantcodes/extentreports/2.41.2/extentreports-2.41.2.jar!/com/relevantcodes/extentreports/view/Extent.ftl"
